================================================================
== Design Size Report
================================================================

* Total Instructions per Compilation Phase
+---------------+-----------------------------+--------------+----------------------------------------------------------------------------------------+
| Phase         | Step                        | Instructions | Description                                                                            |
+---------------+-----------------------------+--------------+----------------------------------------------------------------------------------------+
| Compile/Link  |                             |   176        | After all functions are compiled and linked into a single design                       |
|               |                             |              |                                                                                        |
| Unroll/Inline |                             |              | After user unroll and inline pragmas are applied                                       |
|               | (1) unroll                  | 1,350        | user unroll pragmas are applied                                                        |
|               | (2) simplification          | 1,212        | simplification of applied user unroll pragmas                                          |
|               | (3) inline                  | 1,200        | user inline pragmas are applied                                                        |
|               | (4) simplification          | 1,168        | simplification of applied user inline pragmas                                          |
|               |                             |              |                                                                                        |
| Array/Struct  |                             |              | After user array partition and struct aggregate/disaggregate pragmas are applied       |
|               | (1) array partition         | 3,448        | user array partition pragmas are applied                                               |
|               | (2) simplification          | 3,332        | simplification of applied user array partition & struct aggregate/disaggregate pragmas |
|               | (3) aggregate/disaggregate  | 3,332        | user struct aggregate/disaggregate pragmas are applied                                 |
|               | (4) array reshape           | 3,332        | apply array reshape pragmas                                                            |
|               | (5) access patterns         | 3,329        | array access pattern optmizations                                                      |
|               |                             |              |                                                                                        |
| Performance   |                             |              | After transformations are applied to meet performance pragma targets                   |
|               | (1) loop simplification     | 3,329        | loop and instruction simplification                                                    |
|               | (2) parallelization         | 3,329        | loops are unrolled or pipelined to meet performance targets                            |
|               | (3) array partition         | 3,317        | arrays are partitioned to meet performance targets                                     |
|               | (4) simplification          | 3,242        | simplification of design after performance transformations                             |
|               |                             |              |                                                                                        |
| HW Transforms |                             |              | After hardware transfomations                                                          |
|               | (1) lowering                | 3,301        | initial conversion to HW specific instructions                                         |
|               | (2) optimizations           | 3,328        | high level synthesis optimizations                                                     |
+---------------+-----------------------------+--------------+----------------------------------------------------------------------------------------+

* Instructions per Function for each Compilation Phase
+-------------+----------------------------+--------------+---------------+--------------+-------------+---------------+
| Function    | Location                   | Compile/Link | Unroll/Inline | Array/Struct | Performance | HW Transforms |
+-------------+----------------------------+--------------+---------------+--------------+-------------+---------------+
|   mergesort | mergesort_4_parallel.cpp:9 | 176          | 1,168         | 3,329        | 3,242       | 3,328         |
+-------------+----------------------------+--------------+---------------+--------------+-------------+---------------+

* Design Size Message Settings
+---------------------------------------------+--------+------------------------------------------------------------------+
| Message Setting                             | Value  | Description                                                      |
+---------------------------------------------+--------+------------------------------------------------------------------+
| config_compile -design_size_maximum_warning | 100000 | Show a warning when total design instructions exceeds this value |
+---------------------------------------------+--------+------------------------------------------------------------------+


