================================================================
== Design Size Report
================================================================

* Total Instructions per Compilation Phase
+---------------+-----------------------------+--------------+----------------------------------------------------------------------------------------+
| Phase         | Step                        | Instructions | Description                                                                            |
+---------------+-----------------------------+--------------+----------------------------------------------------------------------------------------+
| Compile/Link  |                             | 164          | After all functions are compiled and linked into a single design                       |
|               |                             |              |                                                                                        |
| Unroll/Inline |                             |              | After user unroll and inline pragmas are applied                                       |
|               | (1) unroll                  | 127          | user unroll pragmas are applied                                                        |
|               | (2) simplification          |  96          | simplification of applied user unroll pragmas                                          |
|               | (3) inline                  |  92          | user inline pragmas are applied                                                        |
|               | (4) simplification          |  92          | simplification of applied user inline pragmas                                          |
|               |                             |              |                                                                                        |
| Array/Struct  |                             |              | After user array partition and struct aggregate/disaggregate pragmas are applied       |
|               | (1) array partition         |  89          | user array partition pragmas are applied                                               |
|               | (2) simplification          |  89          | simplification of applied user array partition & struct aggregate/disaggregate pragmas |
|               | (3) aggregate/disaggregate  |  89          | user struct aggregate/disaggregate pragmas are applied                                 |
|               | (4) array reshape           |  89          | apply array reshape pragmas                                                            |
|               | (5) access patterns         |  89          | array access pattern optmizations                                                      |
|               |                             |              |                                                                                        |
| Performance   |                             |              | After transformations are applied to meet performance pragma targets                   |
|               | (1) loop simplification     |  89          | loop and instruction simplification                                                    |
|               | (2) parallelization         |  89          | loops are unrolled or pipelined to meet performance targets                            |
|               | (3) array partition         |  89          | arrays are partitioned to meet performance targets                                     |
|               | (4) simplification          |  89          | simplification of design after performance transformations                             |
|               |                             |              |                                                                                        |
| HW Transforms |                             |              | After hardware transfomations                                                          |
|               | (1) lowering                |  93          | initial conversion to HW specific instructions                                         |
|               | (2) optimizations           | 111          | high level synthesis optimizations                                                     |
+---------------+-----------------------------+--------------+----------------------------------------------------------------------------------------+

* Instructions per Function for each Compilation Phase
+-------------+-----------------------------+--------------+---------------+--------------+-------------+---------------+
| Function    | Location                    | Compile/Link | Unroll/Inline | Array/Struct | Performance | HW Transforms |
+-------------+-----------------------------+--------------+---------------+--------------+-------------+---------------+
|   mergesort | mergesort_3_flattened.cpp:4 | 164          | 92            | 89           | 89          | 111           |
+-------------+-----------------------------+--------------+---------------+--------------+-------------+---------------+

* Design Size Message Settings
+---------------------------------------------+--------+------------------------------------------------------------------+
| Message Setting                             | Value  | Description                                                      |
+---------------------------------------------+--------+------------------------------------------------------------------+
| config_compile -design_size_maximum_warning | 100000 | Show a warning when total design instructions exceeds this value |
+---------------------------------------------+--------+------------------------------------------------------------------+


